<?xml version="1.0" encoding="UTF-8" standalone="no"?>
<!DOCTYPE log SYSTEM "logger.dtd">
<log>
<record>
  <date>2018-10-15T16:28:24</date>
  <millis>1539595704389</millis>
  <sequence>0</sequence>
  <level>START</level>
  <class>com.kms.katalon.core.logging.KeywordLogger</class>
  <method>startSuite</method>
  <thread>1</thread>
  <message>Start Test Suite : Test Suites/API_Toyota/11_SprintAll_UserFlow/Sprint_All - FutureDate</message>
  <nestedLevel>0</nestedLevel>
  <property name="name">Sprint_All - FutureDate</property>
  <property name="description"></property>
  <property name="id">Test Suites/API_Toyota/11_SprintAll_UserFlow/Sprint_All - FutureDate</property>
</record>
<record>
  <date>2018-10-15T16:28:24</date>
  <millis>1539595704405</millis>
  <sequence>1</sequence>
  <level>RUN_DATA</level>
  <class>com.kms.katalon.core.logging.KeywordLogger</class>
  <method>logMessage</method>
  <thread>1</thread>
  <message>Logging run data &amp;apos;hostName&amp;apos; with value &amp;apos;vinh.le - TITAN-V-2001.titandms.local&amp;apos;</message>
  <nestedLevel>0</nestedLevel>
  <property name="hostName">vinh.le - TITAN-V-2001.titandms.local</property>
</record>
<record>
  <date>2018-10-15T16:28:24</date>
  <millis>1539595704406</millis>
  <sequence>2</sequence>
  <level>RUN_DATA</level>
  <class>com.kms.katalon.core.logging.KeywordLogger</class>
  <method>logMessage</method>
  <thread>1</thread>
  <message>Logging run data &amp;apos;os&amp;apos; with value &amp;apos;Windows 10 64bit&amp;apos;</message>
  <nestedLevel>0</nestedLevel>
  <property name="os">Windows 10 64bit</property>
</record>
<record>
  <date>2018-10-15T16:28:24</date>
  <millis>1539595704406</millis>
  <sequence>3</sequence>
  <level>RUN_DATA</level>
  <class>com.kms.katalon.core.logging.KeywordLogger</class>
  <method>logMessage</method>
  <thread>1</thread>
  <message>Logging run data &amp;apos;hostAddress&amp;apos; with value &amp;apos;192.168.3.19&amp;apos;</message>
  <nestedLevel>0</nestedLevel>
  <property name="hostAddress">192.168.3.19</property>
</record>
<record>
  <date>2018-10-15T16:28:24</date>
  <millis>1539595704406</millis>
  <sequence>4</sequence>
  <level>RUN_DATA</level>
  <class>com.kms.katalon.core.logging.KeywordLogger</class>
  <method>logMessage</method>
  <thread>1</thread>
  <message>Logging run data &amp;apos;katalonVersion&amp;apos; with value &amp;apos;5.7.1.1&amp;apos;</message>
  <nestedLevel>0</nestedLevel>
  <property name="katalonVersion">5.7.1.1</property>
</record>
<record>
  <date>2018-10-15T16:28:24</date>
  <millis>1539595704611</millis>
  <sequence>5</sequence>
  <level>START</level>
  <class>com.kms.katalon.core.logging.KeywordLogger</class>
  <method>startTest</method>
  <thread>1</thread>
  <message>Start Test Case : Test Cases/TOYOTA/Main_Toyota_TestCase - AllSprints - Dev</message>
  <nestedLevel>1</nestedLevel>
  <property name="name">Test Cases/TOYOTA/Main_Toyota_TestCase - AllSprints - Dev</property>
  <property name="description"></property>
  <property name="id">Test Cases/TOYOTA/Main_Toyota_TestCase - AllSprints - Dev</property>
  <property name="source">C:\\Users\\vinh.le\\git\\TitanAPIKatalon\\Test Cases\\TOYOTA\\Main_Toyota_TestCase - AllSprints - Dev.tc</property>
  <property name="isOptional">false</property>
</record>
<record>
  <date>2018-10-15T16:28:24</date>
  <millis>1539595704632</millis>
  <sequence>6</sequence>
  <level>INFO</level>
  <class>com.kms.katalon.core.logging.KeywordLogger</class>
  <method>logMessage</method>
  <thread>1</thread>
  <message>Evaluating variables for test case</message>
  <nestedLevel>1</nestedLevel>
</record>
<record>
  <date>2018-10-15T16:28:24</date>
  <millis>1539595704633</millis>
  <sequence>7</sequence>
  <level>INFO</level>
  <class>com.kms.katalon.core.logging.KeywordLogger</class>
  <method>logMessage</method>
  <thread>1</thread>
  <message>Variable &amp;apos;var_Interval&amp;apos; is set to </message>
  <nestedLevel>1</nestedLevel>
</record>
<record>
  <date>2018-10-15T16:28:24</date>
  <millis>1539595704634</millis>
  <sequence>8</sequence>
  <level>INFO</level>
  <class>com.kms.katalon.core.logging.KeywordLogger</class>
  <method>logMessage</method>
  <thread>1</thread>
  <message>Variable &amp;apos;var_WorkshopStart&amp;apos; is set to </message>
  <nestedLevel>1</nestedLevel>
</record>
<record>
  <date>2018-10-15T16:28:24</date>
  <millis>1539595704634</millis>
  <sequence>9</sequence>
  <level>INFO</level>
  <class>com.kms.katalon.core.logging.KeywordLogger</class>
  <method>logMessage</method>
  <thread>1</thread>
  <message>Variable &amp;apos;var_WorkshopEnd&amp;apos; is set to </message>
  <nestedLevel>1</nestedLevel>
</record>
<record>
  <date>2018-10-15T16:28:24</date>
  <millis>1539595704634</millis>
  <sequence>10</sequence>
  <level>INFO</level>
  <class>com.kms.katalon.core.logging.KeywordLogger</class>
  <method>logMessage</method>
  <thread>1</thread>
  <message>Variable &amp;apos;var_Duration&amp;apos; is set to 1</message>
  <nestedLevel>1</nestedLevel>
</record>
<record>
  <date>2018-10-15T16:28:24</date>
  <millis>1539595704634</millis>
  <sequence>11</sequence>
  <level>INFO</level>
  <class>com.kms.katalon.core.logging.KeywordLogger</class>
  <method>logMessage</method>
  <thread>1</thread>
  <message>Variable &amp;apos;var_Dealer_Code&amp;apos; is set to 765A</message>
  <nestedLevel>1</nestedLevel>
</record>
<record>
  <date>2018-10-15T16:28:24</date>
  <millis>1539595704635</millis>
  <sequence>12</sequence>
  <level>INFO</level>
  <class>com.kms.katalon.core.logging.KeywordLogger</class>
  <method>logMessage</method>
  <thread>1</thread>
  <message>Variable &amp;apos;var_Location_Code&amp;apos; is set to 1</message>
  <nestedLevel>1</nestedLevel>
</record>
<record>
  <date>2018-10-15T16:28:24</date>
  <millis>1539595704635</millis>
  <sequence>13</sequence>
  <level>INFO</level>
  <class>com.kms.katalon.core.logging.KeywordLogger</class>
  <method>logMessage</method>
  <thread>1</thread>
  <message>Variable &amp;apos;var_Service_Type&amp;apos; is set to OSB_SERVICE_TYPE_LOGBOOK</message>
  <nestedLevel>1</nestedLevel>
</record>
<record>
  <date>2018-10-15T16:28:24</date>
  <millis>1539595704635</millis>
  <sequence>14</sequence>
  <level>INFO</level>
  <class>com.kms.katalon.core.logging.KeywordLogger</class>
  <method>logMessage</method>
  <thread>1</thread>
  <message>Variable &amp;apos;var_Drop_Off_Time&amp;apos; is set to 14:00</message>
  <nestedLevel>1</nestedLevel>
</record>
<record>
  <date>2018-10-15T16:28:24</date>
  <millis>1539595704636</millis>
  <sequence>15</sequence>
  <level>INFO</level>
  <class>com.kms.katalon.core.logging.KeywordLogger</class>
  <method>logMessage</method>
  <thread>1</thread>
  <message>Variable &amp;apos;var_VIN&amp;apos; is set to VNVNVNVNVNVNVNVNV</message>
  <nestedLevel>1</nestedLevel>
</record>
<record>
  <date>2018-10-15T16:28:24</date>
  <millis>1539595704636</millis>
  <sequence>16</sequence>
  <level>INFO</level>
  <class>com.kms.katalon.core.logging.KeywordLogger</class>
  <method>logMessage</method>
  <thread>1</thread>
  <message>Variable &amp;apos;var_REGNumber&amp;apos; is set to REG_TITAN_API</message>
  <nestedLevel>1</nestedLevel>
</record>
<record>
  <date>2018-10-15T16:28:24</date>
  <millis>1539595704636</millis>
  <sequence>17</sequence>
  <level>INFO</level>
  <class>com.kms.katalon.core.logging.KeywordLogger</class>
  <method>logMessage</method>
  <thread>1</thread>
  <message>Variable &amp;apos;var_ServiceBay_Type&amp;apos; is set to PERIODIC</message>
  <nestedLevel>1</nestedLevel>
</record>
<record>
  <date>2018-10-15T16:28:24</date>
  <millis>1539595704637</millis>
  <sequence>18</sequence>
  <level>INFO</level>
  <class>com.kms.katalon.core.logging.KeywordLogger</class>
  <method>logMessage</method>
  <thread>1</thread>
  <message>Variable &amp;apos;var_Status_OpCode&amp;apos; is set to true</message>
  <nestedLevel>1</nestedLevel>
</record>
<record>
  <date>2018-10-15T16:28:24</date>
  <millis>1539595704637</millis>
  <sequence>19</sequence>
  <level>INFO</level>
  <class>com.kms.katalon.core.logging.KeywordLogger</class>
  <method>logMessage</method>
  <thread>1</thread>
  <message>Variable &amp;apos;var_Status_GetOffTime&amp;apos; is set to true</message>
  <nestedLevel>1</nestedLevel>
</record>
<record>
  <date>2018-10-15T16:28:24</date>
  <millis>1539595704637</millis>
  <sequence>20</sequence>
  <level>INFO</level>
  <class>com.kms.katalon.core.logging.KeywordLogger</class>
  <method>logMessage</method>
  <thread>1</thread>
  <message>Variable &amp;apos;var_Status_PickupTime&amp;apos; is set to true</message>
  <nestedLevel>1</nestedLevel>
</record>
<record>
  <date>2018-10-15T16:28:24</date>
  <millis>1539595704637</millis>
  <sequence>21</sequence>
  <level>INFO</level>
  <class>com.kms.katalon.core.logging.KeywordLogger</class>
  <method>logMessage</method>
  <thread>1</thread>
  <message>Variable &amp;apos;var_Status_ReservedTimeslot&amp;apos; is set to true</message>
  <nestedLevel>1</nestedLevel>
</record>
<record>
  <date>2018-10-15T16:28:24</date>
  <millis>1539595704638</millis>
  <sequence>22</sequence>
  <level>INFO</level>
  <class>com.kms.katalon.core.logging.KeywordLogger</class>
  <method>logMessage</method>
  <thread>1</thread>
  <message>Variable &amp;apos;var_Status_GetTransport&amp;apos; is set to true</message>
  <nestedLevel>1</nestedLevel>
</record>
<record>
  <date>2018-10-15T16:28:24</date>
  <millis>1539595704638</millis>
  <sequence>23</sequence>
  <level>INFO</level>
  <class>com.kms.katalon.core.logging.KeywordLogger</class>
  <method>logMessage</method>
  <thread>1</thread>
  <message>Variable &amp;apos;var_Status_MakeBooking&amp;apos; is set to true</message>
  <nestedLevel>1</nestedLevel>
</record>
<record>
  <date>2018-10-15T16:28:24</date>
  <millis>1539595704638</millis>
  <sequence>24</sequence>
  <level>INFO</level>
  <class>com.kms.katalon.core.logging.KeywordLogger</class>
  <method>logMessage</method>
  <thread>1</thread>
  <message>Variable &amp;apos;var_Status_SearchBooking&amp;apos; is set to true</message>
  <nestedLevel>1</nestedLevel>
</record>
<record>
  <date>2018-10-15T16:28:24</date>
  <millis>1539595704639</millis>
  <sequence>25</sequence>
  <level>INFO</level>
  <class>com.kms.katalon.core.logging.KeywordLogger</class>
  <method>logMessage</method>
  <thread>1</thread>
  <message>Variable &amp;apos;var_Status_GetBookingDetail&amp;apos; is set to true</message>
  <nestedLevel>1</nestedLevel>
</record>
<record>
  <date>2018-10-15T16:28:24</date>
  <millis>1539595704639</millis>
  <sequence>26</sequence>
  <level>INFO</level>
  <class>com.kms.katalon.core.logging.KeywordLogger</class>
  <method>logMessage</method>
  <thread>1</thread>
  <message>Variable &amp;apos;var_Status_ChangeBooking&amp;apos; is set to true</message>
  <nestedLevel>1</nestedLevel>
</record>
<record>
  <date>2018-10-15T16:28:24</date>
  <millis>1539595704640</millis>
  <sequence>27</sequence>
  <level>INFO</level>
  <class>com.kms.katalon.core.logging.KeywordLogger</class>
  <method>logMessage</method>
  <thread>1</thread>
  <message>Variable &amp;apos;var_Status_CancelBooking&amp;apos; is set to true</message>
  <nestedLevel>1</nestedLevel>
</record>
<record>
  <date>2018-10-15T16:28:24</date>
  <millis>1539595704641</millis>
  <sequence>28</sequence>
  <level>INFO</level>
  <class>com.kms.katalon.core.logging.KeywordLogger</class>
  <method>logMessage</method>
  <thread>1</thread>
  <message>Variable &amp;apos;var_ServiceDate&amp;apos; is set to F</message>
  <nestedLevel>1</nestedLevel>
</record>
<record>
  <date>2018-10-15T16:28:24</date>
  <millis>1539595704641</millis>
  <sequence>29</sequence>
  <level>INFO</level>
  <class>com.kms.katalon.core.logging.KeywordLogger</class>
  <method>logMessage</method>
  <thread>1</thread>
  <message>Variable &amp;apos;var_StartDropDate&amp;apos; is set to F</message>
  <nestedLevel>1</nestedLevel>
</record>
<record>
  <date>2018-10-15T16:28:24</date>
  <millis>1539595704641</millis>
  <sequence>30</sequence>
  <level>INFO</level>
  <class>com.kms.katalon.core.logging.KeywordLogger</class>
  <method>logMessage</method>
  <thread>1</thread>
  <message>Variable &amp;apos;var_EndDropDate&amp;apos; is set to F</message>
  <nestedLevel>1</nestedLevel>
</record>
<record>
  <date>2018-10-15T16:28:24</date>
  <millis>1539595704641</millis>
  <sequence>31</sequence>
  <level>INFO</level>
  <class>com.kms.katalon.core.logging.KeywordLogger</class>
  <method>logMessage</method>
  <thread>1</thread>
  <message>Variable &amp;apos;var_StartSearchDate&amp;apos; is set to P</message>
  <nestedLevel>1</nestedLevel>
</record>
<record>
  <date>2018-10-15T16:28:24</date>
  <millis>1539595704642</millis>
  <sequence>32</sequence>
  <level>INFO</level>
  <class>com.kms.katalon.core.logging.KeywordLogger</class>
  <method>logMessage</method>
  <thread>1</thread>
  <message>Variable &amp;apos;var_EndSearchDate&amp;apos; is set to F</message>
  <nestedLevel>1</nestedLevel>
</record>
<record>
  <date>2018-10-15T16:28:24</date>
  <millis>1539595704642</millis>
  <sequence>33</sequence>
  <level>INFO</level>
  <class>com.kms.katalon.core.logging.KeywordLogger</class>
  <method>logMessage</method>
  <thread>1</thread>
  <message>Variable &amp;apos;var_TotalPrice&amp;apos; is set to 110</message>
  <nestedLevel>1</nestedLevel>
</record>
<record>
  <date>2018-10-15T16:28:24</date>
  <millis>1539595704642</millis>
  <sequence>34</sequence>
  <level>INFO</level>
  <class>com.kms.katalon.core.logging.KeywordLogger</class>
  <method>logMessage</method>
  <thread>1</thread>
  <message>Variable &amp;apos;var_TotalDuration&amp;apos; is set to 1</message>
  <nestedLevel>1</nestedLevel>
</record>
<record>
  <date>2018-10-15T16:28:24</date>
  <millis>1539595704643</millis>
  <sequence>35</sequence>
  <level>INFO</level>
  <class>com.kms.katalon.core.logging.KeywordLogger</class>
  <method>logMessage</method>
  <thread>1</thread>
  <message>Variable &amp;apos;var_FirstName&amp;apos; is set to TITAN</message>
  <nestedLevel>1</nestedLevel>
</record>
<record>
  <date>2018-10-15T16:28:24</date>
  <millis>1539595704643</millis>
  <sequence>36</sequence>
  <level>INFO</level>
  <class>com.kms.katalon.core.logging.KeywordLogger</class>
  <method>logMessage</method>
  <thread>1</thread>
  <message>Variable &amp;apos;var_LastName&amp;apos; is set to DMS</message>
  <nestedLevel>1</nestedLevel>
</record>
<record>
  <date>2018-10-15T16:28:24</date>
  <millis>1539595704643</millis>
  <sequence>37</sequence>
  <level>INFO</level>
  <class>com.kms.katalon.core.logging.KeywordLogger</class>
  <method>logMessage</method>
  <thread>1</thread>
  <message>Variable &amp;apos;var_PriceChange&amp;apos; is set to </message>
  <nestedLevel>1</nestedLevel>
</record>
<record>
  <date>2018-10-15T16:28:24</date>
  <millis>1539595704643</millis>
  <sequence>38</sequence>
  <level>INFO</level>
  <class>com.kms.katalon.core.logging.KeywordLogger</class>
  <method>logMessage</method>
  <thread>1</thread>
  <message>Variable &amp;apos;var_DurationChange&amp;apos; is set to </message>
  <nestedLevel>1</nestedLevel>
</record>
<record>
  <date>2018-10-15T16:28:24</date>
  <millis>1539595704644</millis>
  <sequence>39</sequence>
  <level>INFO</level>
  <class>com.kms.katalon.core.logging.KeywordLogger</class>
  <method>logMessage</method>
  <thread>1</thread>
  <message>Variable &amp;apos;var_DropOffChange&amp;apos; is set to </message>
  <nestedLevel>1</nestedLevel>
</record>
<record>
  <date>2018-10-15T16:28:24</date>
  <millis>1539595704644</millis>
  <sequence>40</sequence>
  <level>INFO</level>
  <class>com.kms.katalon.core.logging.KeywordLogger</class>
  <method>logMessage</method>
  <thread>1</thread>
  <message>Variable &amp;apos;var_PickUpChange&amp;apos; is set to 16:00</message>
  <nestedLevel>1</nestedLevel>
</record>
<record>
  <date>2018-10-15T16:28:24</date>
  <millis>1539595704644</millis>
  <sequence>41</sequence>
  <level>INFO</level>
  <class>com.kms.katalon.core.logging.KeywordLogger</class>
  <method>logMessage</method>
  <thread>1</thread>
  <message>Variable &amp;apos;var_DateChange&amp;apos; is set to </message>
  <nestedLevel>1</nestedLevel>
</record>
<record>
  <date>2018-10-15T16:28:24</date>
  <millis>1539595704644</millis>
  <sequence>42</sequence>
  <level>INFO</level>
  <class>com.kms.katalon.core.logging.KeywordLogger</class>
  <method>logMessage</method>
  <thread>1</thread>
  <message>Variable &amp;apos;var_BookingId&amp;apos; is set to </message>
  <nestedLevel>1</nestedLevel>
</record>
<record>
  <date>2018-10-15T16:28:24</date>
  <millis>1539595704645</millis>
  <sequence>43</sequence>
  <level>INFO</level>
  <class>com.kms.katalon.core.logging.KeywordLogger</class>
  <method>logMessage</method>
  <thread>1</thread>
  <message>Variable &amp;apos;var_PickUpTime&amp;apos; is set to 17:00</message>
  <nestedLevel>1</nestedLevel>
</record>
<record>
  <date>2018-10-15T16:28:24</date>
  <millis>1539595704645</millis>
  <sequence>44</sequence>
  <level>INFO</level>
  <class>com.kms.katalon.core.logging.KeywordLogger</class>
  <method>logMessage</method>
  <thread>1</thread>
  <message>Variable &amp;apos;var_AddJobLine&amp;apos; is set to FALSE</message>
  <nestedLevel>1</nestedLevel>
</record>
<record>
  <date>2018-10-15T16:28:24</date>
  <millis>1539595704894</millis>
  <sequence>45</sequence>
  <level>START</level>
  <class>com.kms.katalon.core.logging.KeywordLogger</class>
  <method>startKeyword</method>
  <thread>1</thread>
  <message>Start action : Statement - Glb_Status_GetOperationCode = \&amp;quot;failed\&amp;quot;</message>
  <nestedLevel>1</nestedLevel>
  <property name="startLine">21</property>
  <property name="stepIndex">1</property>
</record>
<record>
  <date>2018-10-15T16:28:24</date>
  <millis>1539595704903</millis>
  <sequence>46</sequence>
  <level>INFO</level>
  <class>com.kms.katalon.core.logging.KeywordLogger</class>
  <method>logMessage</method>
  <thread>1</thread>
  <message>Checking test data id</message>
  <nestedLevel>1</nestedLevel>
</record>
<record>
  <date>2018-10-15T16:28:24</date>
  <millis>1539595704903</millis>
  <sequence>47</sequence>
  <level>INFO</level>
  <class>com.kms.katalon.core.logging.KeywordLogger</class>
  <method>logMessage</method>
  <thread>1</thread>
  <message>Finding test data with id &amp;apos;Data Files/Holden/Holden_Appoitment&amp;apos;</message>
  <nestedLevel>1</nestedLevel>
</record>
<record>
  <date>2018-10-15T16:28:24</date>
  <millis>1539595704906</millis>
  <sequence>48</sequence>
  <level>INFO</level>
  <class>com.kms.katalon.core.logging.KeywordLogger</class>
  <method>logMessage</method>
  <thread>1</thread>
  <message>Test data is internal data, reading internal data</message>
  <nestedLevel>1</nestedLevel>
</record>
<record>
  <date>2018-10-15T16:28:24</date>
  <millis>1539595704913</millis>
  <sequence>49</sequence>
  <level>INFO</level>
  <class>com.kms.katalon.core.logging.KeywordLogger</class>
  <method>logMessage</method>
  <thread>1</thread>
  <message>Checking test data id</message>
  <nestedLevel>1</nestedLevel>
</record>
<record>
  <date>2018-10-15T16:28:24</date>
  <millis>1539595704914</millis>
  <sequence>50</sequence>
  <level>INFO</level>
  <class>com.kms.katalon.core.logging.KeywordLogger</class>
  <method>logMessage</method>
  <thread>1</thread>
  <message>Finding test data with id &amp;apos;Data Files/Holden/Holden_Appoitment&amp;apos;</message>
  <nestedLevel>1</nestedLevel>
</record>
<record>
  <date>2018-10-15T16:28:24</date>
  <millis>1539595704917</millis>
  <sequence>51</sequence>
  <level>INFO</level>
  <class>com.kms.katalon.core.logging.KeywordLogger</class>
  <method>logMessage</method>
  <thread>1</thread>
  <message>Test data is internal data, reading internal data</message>
  <nestedLevel>1</nestedLevel>
</record>
<record>
  <date>2018-10-15T16:28:24</date>
  <millis>1539595704918</millis>
  <sequence>52</sequence>
  <level>INFO</level>
  <class>com.kms.katalon.core.logging.KeywordLogger</class>
  <method>logMessage</method>
  <thread>1</thread>
  <message>Checking test data id</message>
  <nestedLevel>1</nestedLevel>
</record>
<record>
  <date>2018-10-15T16:28:24</date>
  <millis>1539595704918</millis>
  <sequence>53</sequence>
  <level>INFO</level>
  <class>com.kms.katalon.core.logging.KeywordLogger</class>
  <method>logMessage</method>
  <thread>1</thread>
  <message>Finding test data with id &amp;apos;Data Files/Holden/Holden_Appoitment&amp;apos;</message>
  <nestedLevel>1</nestedLevel>
</record>
<record>
  <date>2018-10-15T16:28:24</date>
  <millis>1539595704920</millis>
  <sequence>54</sequence>
  <level>INFO</level>
  <class>com.kms.katalon.core.logging.KeywordLogger</class>
  <method>logMessage</method>
  <thread>1</thread>
  <message>Test data is internal data, reading internal data</message>
  <nestedLevel>1</nestedLevel>
</record>
<record>
  <date>2018-10-15T16:28:24</date>
  <millis>1539595704921</millis>
  <sequence>55</sequence>
  <level>INFO</level>
  <class>com.kms.katalon.core.logging.KeywordLogger</class>
  <method>logMessage</method>
  <thread>1</thread>
  <message>Checking test data id</message>
  <nestedLevel>1</nestedLevel>
</record>
<record>
  <date>2018-10-15T16:28:24</date>
  <millis>1539595704921</millis>
  <sequence>56</sequence>
  <level>INFO</level>
  <class>com.kms.katalon.core.logging.KeywordLogger</class>
  <method>logMessage</method>
  <thread>1</thread>
  <message>Finding test data with id &amp;apos;Data Files/Holden/Holden_Appoitment&amp;apos;</message>
  <nestedLevel>1</nestedLevel>
</record>
<record>
  <date>2018-10-15T16:28:24</date>
  <millis>1539595704923</millis>
  <sequence>57</sequence>
  <level>INFO</level>
  <class>com.kms.katalon.core.logging.KeywordLogger</class>
  <method>logMessage</method>
  <thread>1</thread>
  <message>Test data is internal data, reading internal data</message>
  <nestedLevel>1</nestedLevel>
</record>
<record>
  <date>2018-10-15T16:28:24</date>
  <millis>1539595704924</millis>
  <sequence>58</sequence>
  <level>INFO</level>
  <class>com.kms.katalon.core.logging.KeywordLogger</class>
  <method>logMessage</method>
  <thread>1</thread>
  <message>Checking test data id</message>
  <nestedLevel>1</nestedLevel>
</record>
<record>
  <date>2018-10-15T16:28:24</date>
  <millis>1539595704924</millis>
  <sequence>59</sequence>
  <level>INFO</level>
  <class>com.kms.katalon.core.logging.KeywordLogger</class>
  <method>logMessage</method>
  <thread>1</thread>
  <message>Finding test data with id &amp;apos;Data Files/Holden/Holden_Appoitment&amp;apos;</message>
  <nestedLevel>1</nestedLevel>
</record>
<record>
  <date>2018-10-15T16:28:24</date>
  <millis>1539595704927</millis>
  <sequence>60</sequence>
  <level>INFO</level>
  <class>com.kms.katalon.core.logging.KeywordLogger</class>
  <method>logMessage</method>
  <thread>1</thread>
  <message>Test data is internal data, reading internal data</message>
  <nestedLevel>1</nestedLevel>
</record>
<record>
  <date>2018-10-15T16:28:24</date>
  <millis>1539595704927</millis>
  <sequence>61</sequence>
  <level>INFO</level>
  <class>com.kms.katalon.core.logging.KeywordLogger</class>
  <method>logMessage</method>
  <thread>1</thread>
  <message>Checking test data id</message>
  <nestedLevel>1</nestedLevel>
</record>
<record>
  <date>2018-10-15T16:28:24</date>
  <millis>1539595704928</millis>
  <sequence>62</sequence>
  <level>INFO</level>
  <class>com.kms.katalon.core.logging.KeywordLogger</class>
  <method>logMessage</method>
  <thread>1</thread>
  <message>Finding test data with id &amp;apos;Data Files/Holden/Holden_Appoitment&amp;apos;</message>
  <nestedLevel>1</nestedLevel>
</record>
<record>
  <date>2018-10-15T16:28:24</date>
  <millis>1539595704930</millis>
  <sequence>63</sequence>
  <level>INFO</level>
  <class>com.kms.katalon.core.logging.KeywordLogger</class>
  <method>logMessage</method>
  <thread>1</thread>
  <message>Test data is internal data, reading internal data</message>
  <nestedLevel>1</nestedLevel>
</record>
<record>
  <date>2018-10-15T16:28:24</date>
  <millis>1539595704931</millis>
  <sequence>64</sequence>
  <level>INFO</level>
  <class>com.kms.katalon.core.logging.KeywordLogger</class>
  <method>logMessage</method>
  <thread>1</thread>
  <message>Checking test data id</message>
  <nestedLevel>1</nestedLevel>
</record>
<record>
  <date>2018-10-15T16:28:24</date>
  <millis>1539595704931</millis>
  <sequence>65</sequence>
  <level>INFO</level>
  <class>com.kms.katalon.core.logging.KeywordLogger</class>
  <method>logMessage</method>
  <thread>1</thread>
  <message>Finding test data with id &amp;apos;Data Files/Holden/Holden_Appoitment&amp;apos;</message>
  <nestedLevel>1</nestedLevel>
</record>
<record>
  <date>2018-10-15T16:28:24</date>
  <millis>1539595704933</millis>
  <sequence>66</sequence>
  <level>INFO</level>
  <class>com.kms.katalon.core.logging.KeywordLogger</class>
  <method>logMessage</method>
  <thread>1</thread>
  <message>Test data is internal data, reading internal data</message>
  <nestedLevel>1</nestedLevel>
</record>
<record>
  <date>2018-10-15T16:28:24</date>
  <millis>1539595704933</millis>
  <sequence>67</sequence>
  <level>INFO</level>
  <class>com.kms.katalon.core.logging.KeywordLogger</class>
  <method>logMessage</method>
  <thread>1</thread>
  <message>Checking test data id</message>
  <nestedLevel>1</nestedLevel>
</record>
<record>
  <date>2018-10-15T16:28:24</date>
  <millis>1539595704933</millis>
  <sequence>68</sequence>
  <level>INFO</level>
  <class>com.kms.katalon.core.logging.KeywordLogger</class>
  <method>logMessage</method>
  <thread>1</thread>
  <message>Finding test data with id &amp;apos;Data Files/Holden/Holden_Appoitment&amp;apos;</message>
  <nestedLevel>1</nestedLevel>
</record>
<record>
  <date>2018-10-15T16:28:24</date>
  <millis>1539595704935</millis>
  <sequence>69</sequence>
  <level>INFO</level>
  <class>com.kms.katalon.core.logging.KeywordLogger</class>
  <method>logMessage</method>
  <thread>1</thread>
  <message>Test data is internal data, reading internal data</message>
  <nestedLevel>1</nestedLevel>
</record>
<record>
  <date>2018-10-15T16:28:24</date>
  <millis>1539595704935</millis>
  <sequence>70</sequence>
  <level>INFO</level>
  <class>com.kms.katalon.core.logging.KeywordLogger</class>
  <method>logMessage</method>
  <thread>1</thread>
  <message>Checking test data id</message>
  <nestedLevel>1</nestedLevel>
</record>
<record>
  <date>2018-10-15T16:28:24</date>
  <millis>1539595704935</millis>
  <sequence>71</sequence>
  <level>END</level>
  <class>com.kms.katalon.core.logging.KeywordLogger</class>
  <method>endKeyword</method>
  <thread>1</thread>
  <message>End action : Statement - Glb_Status_GetOperationCode = \&amp;quot;failed\&amp;quot;</message>
  <nestedLevel>1</nestedLevel>
</record>
<record>
  <date>2018-10-15T16:28:24</date>
  <millis>1539595704936</millis>
  <sequence>72</sequence>
  <logger>com.kms.katalon.core.logging.KeywordLogger</logger>
  <level>ERROR</level>
  <class>com.kms.katalon.core.logging.KeywordLogger</class>
  <method>logMessage</method>
  <thread>1</thread>
  <message>Test Cases/TOYOTA/Main_Toyota_TestCase - AllSprints - Dev FAILED because (of) (Stack trace: java.lang.IllegalArgumentException: Test data id is null\r\n\tat com.kms.katalon.core.testdata.TestDataFactory.findTestData(TestDataFactory.java:116)\r\n\tat com.kms.katalon.core.testdata.TestDataFactory$findTestData.callStatic(Unknown Source)\r\n\tat org.codehaus.groovy.runtime.callsite.CallSiteArray.defaultCallStatic(CallSiteArray.java:56)\r\n\tat org.codehaus.groovy.runtime.callsite.AbstractCallSite.callStatic(AbstractCallSite.java:194)\r\n\tat org.codehaus.groovy.runtime.callsite.AbstractCallSite.callStatic(AbstractCallSite.java:206)\r\n\tat internal.GlobalVariable.&amp;lt;clinit&amp;gt;(GlobalVariable.groovy:450)\r\n\tat sun.misc.Unsafe.ensureClassInitialized(Native Method)\r\n\tat sun.reflect.UnsafeFieldAccessorFactory.newFieldAccessor(UnsafeFieldAccessorFactory.java:43)\r\n\tat sun.reflect.ReflectionFactory.newFieldAccessor(ReflectionFactory.java:156)\r\n\tat java.lang.reflect.Field.acquireFieldAccessor(Field.java:1088)\r\n\tat java.lang.reflect.Field.getFieldAccessor(Field.java:1069)\r\n\tat java.lang.reflect.Field.set(Field.java:764)\r\n\tat org.codehaus.groovy.reflection.CachedField.setProperty(CachedField.java:74)\r\n\tat groovy.lang.MetaClassImpl.setProperty(MetaClassImpl.java:2669)\r\n\tat groovy.lang.MetaClassImpl.setProperty(MetaClassImpl.java:3747)\r\n\tat org.codehaus.groovy.runtime.InvokerHelper.setProperty(InvokerHelper.java:197)\r\n\tat org.codehaus.groovy.runtime.ScriptBytecodeAdapter.setProperty(ScriptBytecodeAdapter.java:484)\r\n\tat Script1538995852818.run(Script1538995852818.groovy:21)\r\n\tat com.kms.katalon.core.main.ScriptEngine.run(ScriptEngine.java:183)\r\n\tat com.kms.katalon.core.main.ScriptEngine.runScriptAsRawText(ScriptEngine.java:108)\r\n\tat com.kms.katalon.core.main.TestCaseExecutor.runScript(TestCaseExecutor.java:294)\r\n\tat com.kms.katalon.core.main.TestCaseExecutor.doExecute(TestCaseExecutor.java:285)\r\n\tat com.kms.katalon.core.main.TestCaseExecutor.processExecutionPhase(TestCaseExecutor.java:264)\r\n\tat com.kms.katalon.core.main.TestCaseExecutor.accessMainPhase(TestCaseExecutor.java:256)\r\n\tat com.kms.katalon.core.main.TestCaseExecutor.execute(TestCaseExecutor.java:200)\r\n\tat com.kms.katalon.core.main.TestSuiteExecutor.accessTestCaseMainPhase(TestSuiteExecutor.java:129)\r\n\tat com.kms.katalon.core.main.TestSuiteExecutor.accessTestSuiteMainPhase(TestSuiteExecutor.java:112)\r\n\tat com.kms.katalon.core.main.TestSuiteExecutor.execute(TestSuiteExecutor.java:81)\r\n\tat com.kms.katalon.core.main.TestCaseMain.startTestSuite(TestCaseMain.java:142)\r\n\tat com.kms.katalon.core.main.TestCaseMain$startTestSuite$0.call(Unknown Source)\r\n\tat org.codehaus.groovy.runtime.callsite.CallSiteArray.defaultCall(CallSiteArray.java:48)\r\n\tat org.codehaus.groovy.runtime.callsite.AbstractCallSite.call(AbstractCallSite.java:113)\r\n\tat org.codehaus.groovy.runtime.callsite.AbstractCallSite.call(AbstractCallSite.java:141)\r\n\tat TempTestSuite1539595703332.run(TempTestSuite1539595703332.groovy:36)\r\n\tat groovy.lang.GroovyShell.runScriptOrMainOrTestOrRunnable(GroovyShell.java:263)\r\n\tat groovy.lang.GroovyShell.run(GroovyShell.java:518)\r\n\tat groovy.lang.GroovyShell.run(GroovyShell.java:507)\r\n\tat groovy.ui.GroovyMain.processOnce(GroovyMain.java:653)\r\n\tat groovy.ui.GroovyMain.run(GroovyMain.java:384)\r\n\tat groovy.ui.GroovyMain.process(GroovyMain.java:370)\r\n\tat groovy.ui.GroovyMain.processArgs(GroovyMain.java:129)\r\n\tat groovy.ui.GroovyMain.main(GroovyMain.java:109)\r\n\tat sun.reflect.NativeMethodAccessorImpl.invoke0(Native Method)\r\n\tat sun.reflect.NativeMethodAccessorImpl.invoke(NativeMethodAccessorImpl.java:62)\r\n\tat sun.reflect.DelegatingMethodAccessorImpl.invoke(DelegatingMethodAccessorImpl.java:43)\r\n\tat java.lang.reflect.Method.invoke(Method.java:498)\r\n\tat org.codehaus.groovy.tools.GroovyStarter.rootLoader(GroovyStarter.java:109)\r\n\tat org.codehaus.groovy.tools.GroovyStarter.main(GroovyStarter.java:131)\r\n)</message>
  <exception>
    <message>java.lang.IllegalArgumentException: Test data id is null</message>
    <frame>
      <class>com.kms.katalon.core.testdata.TestDataFactory</class>
      <method>findTestData</method>
      <line>116</line>
    </frame>
    <frame>
      <class>com.kms.katalon.core.testdata.TestDataFactory$findTestData</class>
      <method>callStatic</method>
    </frame>
    <frame>
      <class>org.codehaus.groovy.runtime.callsite.CallSiteArray</class>
      <method>defaultCallStatic</method>
      <line>56</line>
    </frame>
    <frame>
      <class>org.codehaus.groovy.runtime.callsite.AbstractCallSite</class>
      <method>callStatic</method>
      <line>194</line>
    </frame>
    <frame>
      <class>org.codehaus.groovy.runtime.callsite.AbstractCallSite</class>
      <method>callStatic</method>
      <line>206</line>
    </frame>
    <frame>
      <class>internal.GlobalVariable</class>
      <method>&lt;clinit&gt;</method>
      <line>450</line>
    </frame>
    <frame>
      <class>sun.misc.Unsafe</class>
      <method>ensureClassInitialized</method>
    </frame>
    <frame>
      <class>sun.reflect.UnsafeFieldAccessorFactory</class>
      <method>newFieldAccessor</method>
      <line>43</line>
    </frame>
    <frame>
      <class>sun.reflect.ReflectionFactory</class>
      <method>newFieldAccessor</method>
      <line>156</line>
    </frame>
    <frame>
      <class>java.lang.reflect.Field</class>
      <method>acquireFieldAccessor</method>
      <line>1088</line>
    </frame>
    <frame>
      <class>java.lang.reflect.Field</class>
      <method>getFieldAccessor</method>
      <line>1069</line>
    </frame>
    <frame>
      <class>java.lang.reflect.Field</class>
      <method>set</method>
      <line>764</line>
    </frame>
    <frame>
      <class>org.codehaus.groovy.reflection.CachedField</class>
      <method>setProperty</method>
      <line>74</line>
    </frame>
    <frame>
      <class>groovy.lang.MetaClassImpl</class>
      <method>setProperty</method>
      <line>2669</line>
    </frame>
    <frame>
      <class>groovy.lang.MetaClassImpl</class>
      <method>setProperty</method>
      <line>3747</line>
    </frame>
    <frame>
      <class>org.codehaus.groovy.runtime.InvokerHelper</class>
      <method>setProperty</method>
      <line>197</line>
    </frame>
    <frame>
      <class>org.codehaus.groovy.runtime.ScriptBytecodeAdapter</class>
      <method>setProperty</method>
      <line>484</line>
    </frame>
    <frame>
      <class>Script1538995852818</class>
      <method>run</method>
      <line>21</line>
    </frame>
    <frame>
      <class>com.kms.katalon.core.main.ScriptEngine</class>
      <method>run</method>
      <line>183</line>
    </frame>
    <frame>
      <class>com.kms.katalon.core.main.ScriptEngine</class>
      <method>runScriptAsRawText</method>
      <line>108</line>
    </frame>
    <frame>
      <class>com.kms.katalon.core.main.TestCaseExecutor</class>
      <method>runScript</method>
      <line>294</line>
    </frame>
    <frame>
      <class>com.kms.katalon.core.main.TestCaseExecutor</class>
      <method>doExecute</method>
      <line>285</line>
    </frame>
    <frame>
      <class>com.kms.katalon.core.main.TestCaseExecutor</class>
      <method>processExecutionPhase</method>
      <line>264</line>
    </frame>
    <frame>
      <class>com.kms.katalon.core.main.TestCaseExecutor</class>
      <method>accessMainPhase</method>
      <line>256</line>
    </frame>
    <frame>
      <class>com.kms.katalon.core.main.TestCaseExecutor</class>
      <method>execute</method>
      <line>200</line>
    </frame>
    <frame>
      <class>com.kms.katalon.core.main.TestSuiteExecutor</class>
      <method>accessTestCaseMainPhase</method>
      <line>129</line>
    </frame>
    <frame>
      <class>com.kms.katalon.core.main.TestSuiteExecutor</class>
      <method>accessTestSuiteMainPhase</method>
      <line>112</line>
    </frame>
    <frame>
      <class>com.kms.katalon.core.main.TestSuiteExecutor</class>
      <method>execute</method>
      <line>81</line>
    </frame>
    <frame>
      <class>com.kms.katalon.core.main.TestCaseMain</class>
      <method>startTestSuite</method>
      <line>142</line>
    </frame>
    <frame>
      <class>com.kms.katalon.core.main.TestCaseMain$startTestSuite$0</class>
      <method>call</method>
    </frame>
    <frame>
      <class>org.codehaus.groovy.runtime.callsite.CallSiteArray</class>
      <method>defaultCall</method>
      <line>48</line>
    </frame>
    <frame>
      <class>org.codehaus.groovy.runtime.callsite.AbstractCallSite</class>
      <method>call</method>
      <line>113</line>
    </frame>
    <frame>
      <class>org.codehaus.groovy.runtime.callsite.AbstractCallSite</class>
      <method>call</method>
      <line>141</line>
    </frame>
    <frame>
      <class>TempTestSuite1539595703332</class>
      <method>run</method>
      <line>36</line>
    </frame>
    <frame>
      <class>groovy.lang.GroovyShell</class>
      <method>runScriptOrMainOrTestOrRunnable</method>
      <line>263</line>
    </frame>
    <frame>
      <class>groovy.lang.GroovyShell</class>
      <method>run</method>
      <line>518</line>
    </frame>
    <frame>
      <class>groovy.lang.GroovyShell</class>
      <method>run</method>
      <line>507</line>
    </frame>
    <frame>
      <class>groovy.ui.GroovyMain</class>
      <method>processOnce</method>
      <line>653</line>
    </frame>
    <frame>
      <class>groovy.ui.GroovyMain</class>
      <method>run</method>
      <line>384</line>
    </frame>
    <frame>
      <class>groovy.ui.GroovyMain</class>
      <method>process</method>
      <line>370</line>
    </frame>
    <frame>
      <class>groovy.ui.GroovyMain</class>
      <method>processArgs</method>
      <line>129</line>
    </frame>
    <frame>
      <class>groovy.ui.GroovyMain</class>
      <method>main</method>
      <line>109</line>
    </frame>
    <frame>
      <class>sun.reflect.NativeMethodAccessorImpl</class>
      <method>invoke0</method>
    </frame>
    <frame>
      <class>sun.reflect.NativeMethodAccessorImpl</class>
      <method>invoke</method>
      <line>62</line>
    </frame>
    <frame>
      <class>sun.reflect.DelegatingMethodAccessorImpl</class>
      <method>invoke</method>
      <line>43</line>
    </frame>
    <frame>
      <class>java.lang.reflect.Method</class>
      <method>invoke</method>
      <line>498</line>
    </frame>
    <frame>
      <class>org.codehaus.groovy.tools.GroovyStarter</class>
      <method>rootLoader</method>
      <line>109</line>
    </frame>
    <frame>
      <class>org.codehaus.groovy.tools.GroovyStarter</class>
      <method>main</method>
      <line>131</line>
    </frame>
  </exception>
  <nestedLevel>0</nestedLevel>
</record>
<record>
  <date>2018-10-15T16:28:24</date>
  <millis>1539595704938</millis>
  <sequence>73</sequence>
  <level>INFO</level>
  <class>com.kms.katalon.core.logging.KeywordLogger</class>
  <method>logMessage</method>
  <thread>1</thread>
  <message>Start running tear down methods for Test Case</message>
  <nestedLevel>1</nestedLevel>
</record>
<record>
  <date>2018-10-15T16:28:24</date>
  <millis>1539595704938</millis>
  <sequence>74</sequence>
  <level>START</level>
  <class>com.kms.katalon.core.logging.KeywordLogger</class>
  <method>startKeyword</method>
  <thread>1</thread>
  <message>Start tear down : HandleFailing</message>
  <nestedLevel>1</nestedLevel>
  <property name="stepIndex">1</property>
  <property name="isIgnoredIfFailed">true</property>
</record>
<record>
  <date>2018-10-15T16:28:24</date>
  <millis>1539595704940</millis>
  <sequence>75</sequence>
  <level>START</level>
  <class>com.kms.katalon.core.logging.KeywordLogger</class>
  <method>startKeyword</method>
  <thread>1</thread>
  <message>Start action : Statement - If (var_Status_OpCode == \&amp;quot;true\&amp;quot; &amp;amp;&amp;amp; var_Status_GetOffTime == \&amp;quot;true\&amp;quot; &amp;amp;&amp;amp; var_Status_PickupTime == \&amp;quot;true\&amp;quot; &amp;amp;&amp;amp; var_Status_ReservedTimeslot == \&amp;quot;true\&amp;quot; &amp;amp;&amp;amp; var_Status_GetTransport == \&amp;quot;true\&amp;quot; &amp;amp;&amp;amp; var_Status_MakeBooking == \&amp;quot;true\&amp;quot; &amp;amp;&amp;amp; var_Status_SearchBooking == \&amp;quot;true\&amp;quot; &amp;amp;&amp;amp; var_Status_GetBookingDetail == \&amp;quot;true\&amp;quot; &amp;amp;&amp;amp; var_Status_ChangeBooking == \&amp;quot;true\&amp;quot; &amp;amp;&amp;amp; var_Status_CancelBooking == \&amp;quot;true\&amp;quot;)</message>
  <nestedLevel>1</nestedLevel>
  <property name="startLine">146</property>
  <property name="stepIndex">1</property>
</record>
<record>
  <date>2018-10-15T16:28:24</date>
  <millis>1539595704941</millis>
  <sequence>76</sequence>
  <level>START</level>
  <class>com.kms.katalon.core.logging.KeywordLogger</class>
  <method>startKeyword</method>
  <thread>1</thread>
  <message>Start action : Statement - If (!(Glb_Status_GetOperationCode == \&amp;quot;passed\&amp;quot;))</message>
  <nestedLevel>2</nestedLevel>
  <property name="startLine">156</property>
  <property name="stepIndex">1</property>
</record>
<record>
  <date>2018-10-15T16:28:24</date>
  <millis>1539595704942</millis>
  <sequence>77</sequence>
  <level>END</level>
  <class>com.kms.katalon.core.logging.KeywordLogger</class>
  <method>endKeyword</method>
  <thread>1</thread>
  <message>End action : Statement - If (!(Glb_Status_GetOperationCode == \&amp;quot;passed\&amp;quot;))</message>
  <nestedLevel>2</nestedLevel>
</record>
<record>
  <date>2018-10-15T16:28:24</date>
  <millis>1539595704942</millis>
  <sequence>78</sequence>
  <level>END</level>
  <class>com.kms.katalon.core.logging.KeywordLogger</class>
  <method>endKeyword</method>
  <thread>1</thread>
  <message>End action : Statement - If (var_Status_OpCode == \&amp;quot;true\&amp;quot; &amp;amp;&amp;amp; var_Status_GetOffTime == \&amp;quot;true\&amp;quot; &amp;amp;&amp;amp; var_Status_PickupTime == \&amp;quot;true\&amp;quot; &amp;amp;&amp;amp; var_Status_ReservedTimeslot == \&amp;quot;true\&amp;quot; &amp;amp;&amp;amp; var_Status_GetTransport == \&amp;quot;true\&amp;quot; &amp;amp;&amp;amp; var_Status_MakeBooking == \&amp;quot;true\&amp;quot; &amp;amp;&amp;amp; var_Status_SearchBooking == \&amp;quot;true\&amp;quot; &amp;amp;&amp;amp; var_Status_GetBookingDetail == \&amp;quot;true\&amp;quot; &amp;amp;&amp;amp; var_Status_ChangeBooking == \&amp;quot;true\&amp;quot; &amp;amp;&amp;amp; var_Status_CancelBooking == \&amp;quot;true\&amp;quot;)</message>
  <nestedLevel>1</nestedLevel>
</record>
<record>
  <date>2018-10-15T16:28:24</date>
  <millis>1539595704942</millis>
  <sequence>79</sequence>
  <level>WARNING</level>
  <class>com.kms.katalon.core.logging.KeywordLogger</class>
  <method>logMessage</method>
  <thread>1</thread>
  <message>Error occurred when try to run method &amp;apos;HandleFailing&amp;apos; (Root cause: org.codehaus.groovy.runtime.InvokerInvocationException - org.codehaus.groovy.runtime.InvokerInvocationException: java.lang.NoClassDefFoundError: Could not initialize class internal.GlobalVariable)</message>
  <nestedLevel>1</nestedLevel>
</record>
<record>
  <date>2018-10-15T16:28:24</date>
  <millis>1539595704943</millis>
  <sequence>80</sequence>
  <level>END</level>
  <class>com.kms.katalon.core.logging.KeywordLogger</class>
  <method>endKeyword</method>
  <thread>1</thread>
  <message>End tear down : HandleFailing</message>
  <nestedLevel>1</nestedLevel>
</record>
<record>
  <date>2018-10-15T16:28:24</date>
  <millis>1539595704943</millis>
  <sequence>81</sequence>
  <level>END</level>
  <class>com.kms.katalon.core.logging.KeywordLogger</class>
  <method>endTest</method>
  <thread>1</thread>
  <message>End Test Case : Test Cases/TOYOTA/Main_Toyota_TestCase - AllSprints - Dev</message>
  <nestedLevel>0</nestedLevel>
</record>
<record>
  <date>2018-10-15T16:28:25</date>
  <millis>1539595705074</millis>
  <sequence>82</sequence>
  <level>END</level>
  <class>com.kms.katalon.core.logging.KeywordLogger</class>
  <method>endSuite</method>
  <thread>1</thread>
  <message>End Test Suite : Test Suites/API_Toyota/11_SprintAll_UserFlow/Sprint_All - FutureDate</message>
  <nestedLevel>0</nestedLevel>
</record>
</log>
