<?xml version="1.0" encoding="UTF-8" standalone="no"?>
<!DOCTYPE log SYSTEM "logger.dtd">
<log>
<record>
  <date>2018-09-21T13:21:07</date>
  <millis>1537510867292</millis>
  <sequence>0</sequence>
  <level>START</level>
  <class>com.kms.katalon.core.logging.KeywordLogger</class>
  <method>startSuite</method>
  <thread>1</thread>
  <message>Start Test Suite : Test Suites/API_Toyota/Toyota_Demo</message>
  <nestedLevel>0</nestedLevel>
  <property name="name">Toyota_Demo</property>
  <property name="description"></property>
  <property name="id">Test Suites/API_Toyota/Toyota_Demo</property>
</record>
<record>
  <date>2018-09-21T13:21:07</date>
  <millis>1537510867309</millis>
  <sequence>1</sequence>
  <level>RUN_DATA</level>
  <class>com.kms.katalon.core.logging.KeywordLogger</class>
  <method>logMessage</method>
  <thread>1</thread>
  <message>Logging run data &amp;apos;hostName&amp;apos; with value &amp;apos;vinh.le - TITAN-V-2001.titandms.local&amp;apos;</message>
  <nestedLevel>0</nestedLevel>
  <property name="hostName">vinh.le - TITAN-V-2001.titandms.local</property>
</record>
<record>
  <date>2018-09-21T13:21:07</date>
  <millis>1537510867310</millis>
  <sequence>2</sequence>
  <level>RUN_DATA</level>
  <class>com.kms.katalon.core.logging.KeywordLogger</class>
  <method>logMessage</method>
  <thread>1</thread>
  <message>Logging run data &amp;apos;os&amp;apos; with value &amp;apos;Windows 10 64bit&amp;apos;</message>
  <nestedLevel>0</nestedLevel>
  <property name="os">Windows 10 64bit</property>
</record>
<record>
  <date>2018-09-21T13:21:07</date>
  <millis>1537510867310</millis>
  <sequence>3</sequence>
  <level>RUN_DATA</level>
  <class>com.kms.katalon.core.logging.KeywordLogger</class>
  <method>logMessage</method>
  <thread>1</thread>
  <message>Logging run data &amp;apos;hostAddress&amp;apos; with value &amp;apos;192.168.3.19&amp;apos;</message>
  <nestedLevel>0</nestedLevel>
  <property name="hostAddress">192.168.3.19</property>
</record>
<record>
  <date>2018-09-21T13:21:07</date>
  <millis>1537510867310</millis>
  <sequence>4</sequence>
  <level>RUN_DATA</level>
  <class>com.kms.katalon.core.logging.KeywordLogger</class>
  <method>logMessage</method>
  <thread>1</thread>
  <message>Logging run data &amp;apos;katalonVersion&amp;apos; with value &amp;apos;5.7.1.1&amp;apos;</message>
  <nestedLevel>0</nestedLevel>
  <property name="katalonVersion">5.7.1.1</property>
</record>
<record>
  <date>2018-09-21T13:21:07</date>
  <millis>1537510867561</millis>
  <sequence>5</sequence>
  <level>START</level>
  <class>com.kms.katalon.core.logging.KeywordLogger</class>
  <method>startTest</method>
  <thread>1</thread>
  <message>Start Test Case : Test Cases/TOYOTA/Main_Toyota_TestCase</message>
  <nestedLevel>1</nestedLevel>
  <property name="name">Test Cases/TOYOTA/Main_Toyota_TestCase</property>
  <property name="description"></property>
  <property name="id">Test Cases/TOYOTA/Main_Toyota_TestCase</property>
  <property name="source">C:\\Users\\vinh.le\\git\\TitanAPIKatalon_new\\Test Cases\\TOYOTA\\Main_Toyota_TestCase.tc</property>
  <property name="isOptional">false</property>
</record>
<record>
  <date>2018-09-21T13:21:07</date>
  <millis>1537510867579</millis>
  <sequence>6</sequence>
  <level>INFO</level>
  <class>com.kms.katalon.core.logging.KeywordLogger</class>
  <method>logMessage</method>
  <thread>1</thread>
  <message>Evaluating variables for test case</message>
  <nestedLevel>1</nestedLevel>
</record>
<record>
  <date>2018-09-21T13:21:07</date>
  <millis>1537510867580</millis>
  <sequence>7</sequence>
  <level>INFO</level>
  <class>com.kms.katalon.core.logging.KeywordLogger</class>
  <method>logMessage</method>
  <thread>1</thread>
  <message>Variable &amp;apos;Interval&amp;apos; is set to 15</message>
  <nestedLevel>1</nestedLevel>
</record>
<record>
  <date>2018-09-21T13:21:07</date>
  <millis>1537510867581</millis>
  <sequence>8</sequence>
  <level>INFO</level>
  <class>com.kms.katalon.core.logging.KeywordLogger</class>
  <method>logMessage</method>
  <thread>1</thread>
  <message>Variable &amp;apos;WorkshopStart&amp;apos; is set to 8</message>
  <nestedLevel>1</nestedLevel>
</record>
<record>
  <date>2018-09-21T13:21:07</date>
  <millis>1537510867581</millis>
  <sequence>9</sequence>
  <level>INFO</level>
  <class>com.kms.katalon.core.logging.KeywordLogger</class>
  <method>logMessage</method>
  <thread>1</thread>
  <message>Variable &amp;apos;WorkshopEnd&amp;apos; is set to 17</message>
  <nestedLevel>1</nestedLevel>
</record>
<record>
  <date>2018-09-21T13:21:07</date>
  <millis>1537510867581</millis>
  <sequence>10</sequence>
  <level>INFO</level>
  <class>com.kms.katalon.core.logging.KeywordLogger</class>
  <method>logMessage</method>
  <thread>1</thread>
  <message>Variable &amp;apos;Duration&amp;apos; is set to 1</message>
  <nestedLevel>1</nestedLevel>
</record>
<record>
  <date>2018-09-21T13:21:07</date>
  <millis>1537510867582</millis>
  <sequence>11</sequence>
  <level>INFO</level>
  <class>com.kms.katalon.core.logging.KeywordLogger</class>
  <method>logMessage</method>
  <thread>1</thread>
  <message>Variable &amp;apos;Dealer_Code&amp;apos; is set to 765A</message>
  <nestedLevel>1</nestedLevel>
</record>
<record>
  <date>2018-09-21T13:21:07</date>
  <millis>1537510867582</millis>
  <sequence>12</sequence>
  <level>INFO</level>
  <class>com.kms.katalon.core.logging.KeywordLogger</class>
  <method>logMessage</method>
  <thread>1</thread>
  <message>Variable &amp;apos;Location_Code&amp;apos; is set to 1</message>
  <nestedLevel>1</nestedLevel>
</record>
<record>
  <date>2018-09-21T13:21:07</date>
  <millis>1537510867582</millis>
  <sequence>13</sequence>
  <level>INFO</level>
  <class>com.kms.katalon.core.logging.KeywordLogger</class>
  <method>logMessage</method>
  <thread>1</thread>
  <message>Variable &amp;apos;Service_Type&amp;apos; is set to OSB_SERVICE_TYPE_LOGBOOK</message>
  <nestedLevel>1</nestedLevel>
</record>
<record>
  <date>2018-09-21T13:21:07</date>
  <millis>1537510867582</millis>
  <sequence>14</sequence>
  <level>INFO</level>
  <class>com.kms.katalon.core.logging.KeywordLogger</class>
  <method>logMessage</method>
  <thread>1</thread>
  <message>Variable &amp;apos;Drop_Off_Time&amp;apos; is set to 08:00</message>
  <nestedLevel>1</nestedLevel>
</record>
<record>
  <date>2018-09-21T13:21:07</date>
  <millis>1537510867582</millis>
  <sequence>15</sequence>
  <level>INFO</level>
  <class>com.kms.katalon.core.logging.KeywordLogger</class>
  <method>logMessage</method>
  <thread>1</thread>
  <message>Variable &amp;apos;VIN&amp;apos; is set to VNVNVNVNVNVNVNVNV</message>
  <nestedLevel>1</nestedLevel>
</record>
<record>
  <date>2018-09-21T13:21:07</date>
  <millis>1537510867583</millis>
  <sequence>16</sequence>
  <level>INFO</level>
  <class>com.kms.katalon.core.logging.KeywordLogger</class>
  <method>logMessage</method>
  <thread>1</thread>
  <message>Variable &amp;apos;REGNumber&amp;apos; is set to REG_TITAN_API</message>
  <nestedLevel>1</nestedLevel>
</record>
<record>
  <date>2018-09-21T13:21:07</date>
  <millis>1537510867815</millis>
  <sequence>17</sequence>
  <level>START</level>
  <class>com.kms.katalon.core.logging.KeywordLogger</class>
  <method>startKeyword</method>
  <thread>1</thread>
  <message>Start action : callTestCase</message>
  <nestedLevel>1</nestedLevel>
  <property name="startLine">16</property>
  <property name="stepIndex">1</property>
</record>
<record>
  <date>2018-09-21T13:21:07</date>
  <millis>1537510867844</millis>
  <sequence>18</sequence>
  <level>INFO</level>
  <class>com.kms.katalon.core.logging.KeywordLogger</class>
  <method>logMessage</method>
  <thread>1</thread>
  <message>Checking called Test Case</message>
  <nestedLevel>1</nestedLevel>
</record>
<record>
  <date>2018-09-21T13:21:07</date>
  <millis>1537510867844</millis>
  <sequence>19</sequence>
  <level>INFO</level>
  <class>com.kms.katalon.core.logging.KeywordLogger</class>
  <method>logMessage</method>
  <thread>1</thread>
  <message>Starting to call Test Case &amp;apos;Test Cases/TOYOTA/Library_TestCase/Setup_Method_And_Variables&amp;apos;</message>
  <nestedLevel>1</nestedLevel>
</record>
<record>
  <date>2018-09-21T13:21:07</date>
  <millis>1537510867897</millis>
  <sequence>20</sequence>
  <level>START</level>
  <class>com.kms.katalon.core.logging.KeywordLogger</class>
  <method>startTest</method>
  <thread>1</thread>
  <message>Start Test Case : Test Cases/TOYOTA/Library_TestCase/Setup_Method_And_Variables</message>
  <nestedLevel>2</nestedLevel>
  <property name="name">Test Cases/TOYOTA/Library_TestCase/Setup_Method_And_Variables</property>
  <property name="description"></property>
  <property name="id">Test Cases/TOYOTA/Library_TestCase/Setup_Method_And_Variables</property>
  <property name="source">C:\\Users\\vinh.le\\git\\TitanAPIKatalon_new\\Test Cases\\TOYOTA\\Library_TestCase\\Setup_Method_And_Variables.tc</property>
  <property name="isOptional">false</property>
</record>
<record>
  <date>2018-09-21T13:21:07</date>
  <millis>1537510867903</millis>
  <sequence>21</sequence>
  <level>INFO</level>
  <class>com.kms.katalon.core.logging.KeywordLogger</class>
  <method>logMessage</method>
  <thread>1</thread>
  <message>Evaluating variables for test case</message>
  <nestedLevel>2</nestedLevel>
</record>
<record>
  <date>2018-09-21T13:21:07</date>
  <millis>1537510867903</millis>
  <sequence>22</sequence>
  <level>INFO</level>
  <class>com.kms.katalon.core.logging.KeywordLogger</class>
  <method>logMessage</method>
  <thread>1</thread>
  <message>Variable &amp;apos;Setup_Interval&amp;apos; is set to 15</message>
  <nestedLevel>2</nestedLevel>
</record>
<record>
  <date>2018-09-21T13:21:07</date>
  <millis>1537510867904</millis>
  <sequence>23</sequence>
  <level>INFO</level>
  <class>com.kms.katalon.core.logging.KeywordLogger</class>
  <method>logMessage</method>
  <thread>1</thread>
  <message>Variable &amp;apos;Setup_WorkshopStart&amp;apos; is set to 8</message>
  <nestedLevel>2</nestedLevel>
</record>
<record>
  <date>2018-09-21T13:21:07</date>
  <millis>1537510867904</millis>
  <sequence>24</sequence>
  <level>INFO</level>
  <class>com.kms.katalon.core.logging.KeywordLogger</class>
  <method>logMessage</method>
  <thread>1</thread>
  <message>Variable &amp;apos;Setup_WorkshopEnd&amp;apos; is set to 17</message>
  <nestedLevel>2</nestedLevel>
</record>
<record>
  <date>2018-09-21T13:21:07</date>
  <millis>1537510867904</millis>
  <sequence>25</sequence>
  <level>INFO</level>
  <class>com.kms.katalon.core.logging.KeywordLogger</class>
  <method>logMessage</method>
  <thread>1</thread>
  <message>Variable &amp;apos;Setup_Duration&amp;apos; is set to 1</message>
  <nestedLevel>2</nestedLevel>
</record>
<record>
  <date>2018-09-21T13:21:07</date>
  <millis>1537510867904</millis>
  <sequence>26</sequence>
  <level>INFO</level>
  <class>com.kms.katalon.core.logging.KeywordLogger</class>
  <method>logMessage</method>
  <thread>1</thread>
  <message>Variable &amp;apos;Setup_Dealer_Code&amp;apos; is set to 765A</message>
  <nestedLevel>2</nestedLevel>
</record>
<record>
  <date>2018-09-21T13:21:07</date>
  <millis>1537510867905</millis>
  <sequence>27</sequence>
  <level>INFO</level>
  <class>com.kms.katalon.core.logging.KeywordLogger</class>
  <method>logMessage</method>
  <thread>1</thread>
  <message>Variable &amp;apos;Setup_Location_Code&amp;apos; is set to 1</message>
  <nestedLevel>2</nestedLevel>
</record>
<record>
  <date>2018-09-21T13:21:07</date>
  <millis>1537510867905</millis>
  <sequence>28</sequence>
  <level>INFO</level>
  <class>com.kms.katalon.core.logging.KeywordLogger</class>
  <method>logMessage</method>
  <thread>1</thread>
  <message>Variable &amp;apos;Setup_VIN&amp;apos; is set to VNVNVNVNVNVNVNVNV</message>
  <nestedLevel>2</nestedLevel>
</record>
<record>
  <date>2018-09-21T13:21:07</date>
  <millis>1537510867905</millis>
  <sequence>29</sequence>
  <level>INFO</level>
  <class>com.kms.katalon.core.logging.KeywordLogger</class>
  <method>logMessage</method>
  <thread>1</thread>
  <message>Variable &amp;apos;Setup_REGNumber&amp;apos; is set to REG_TITAN_API</message>
  <nestedLevel>2</nestedLevel>
</record>
<record>
  <date>2018-09-21T13:21:08</date>
  <millis>1537510868063</millis>
  <sequence>30</sequence>
  <level>START</level>
  <class>com.kms.katalon.core.logging.KeywordLogger</class>
  <method>startKeyword</method>
  <thread>1</thread>
  <message>Start action : Statement - Glb_Interval = Setup_Interval</message>
  <nestedLevel>1</nestedLevel>
  <property name="startLine">20</property>
  <property name="stepIndex">1</property>
</record>
<record>
  <date>2018-09-21T13:21:08</date>
  <millis>1537510868069</millis>
  <sequence>31</sequence>
  <level>END</level>
  <class>com.kms.katalon.core.logging.KeywordLogger</class>
  <method>endKeyword</method>
  <thread>1</thread>
  <message>End action : Statement - Glb_Interval = Setup_Interval</message>
  <nestedLevel>1</nestedLevel>
</record>
<record>
  <date>2018-09-21T13:21:08</date>
  <millis>1537510868069</millis>
  <sequence>32</sequence>
  <level>START</level>
  <class>com.kms.katalon.core.logging.KeywordLogger</class>
  <method>startKeyword</method>
  <thread>1</thread>
  <message>Start action : Statement - Glb_WorkshopStart = Setup_WorkshopStart</message>
  <nestedLevel>1</nestedLevel>
  <property name="startLine">21</property>
  <property name="stepIndex">2</property>
</record>
<record>
  <date>2018-09-21T13:21:08</date>
  <millis>1537510868069</millis>
  <sequence>33</sequence>
  <level>END</level>
  <class>com.kms.katalon.core.logging.KeywordLogger</class>
  <method>endKeyword</method>
  <thread>1</thread>
  <message>End action : Statement - Glb_WorkshopStart = Setup_WorkshopStart</message>
  <nestedLevel>1</nestedLevel>
</record>
<record>
  <date>2018-09-21T13:21:08</date>
  <millis>1537510868070</millis>
  <sequence>34</sequence>
  <level>START</level>
  <class>com.kms.katalon.core.logging.KeywordLogger</class>
  <method>startKeyword</method>
  <thread>1</thread>
  <message>Start action : Statement - Glb_WorkshopEnd = Setup_WorkshopEnd</message>
  <nestedLevel>1</nestedLevel>
  <property name="startLine">22</property>
  <property name="stepIndex">3</property>
</record>
<record>
  <date>2018-09-21T13:21:08</date>
  <millis>1537510868070</millis>
  <sequence>35</sequence>
  <level>END</level>
  <class>com.kms.katalon.core.logging.KeywordLogger</class>
  <method>endKeyword</method>
  <thread>1</thread>
  <message>End action : Statement - Glb_WorkshopEnd = Setup_WorkshopEnd</message>
  <nestedLevel>1</nestedLevel>
</record>
<record>
  <date>2018-09-21T13:21:08</date>
  <millis>1537510868070</millis>
  <sequence>36</sequence>
  <level>START</level>
  <class>com.kms.katalon.core.logging.KeywordLogger</class>
  <method>startKeyword</method>
  <thread>1</thread>
  <message>Start action : Statement - Glb_Dealer_Code = Setup_Dealer_Code</message>
  <nestedLevel>1</nestedLevel>
  <property name="startLine">23</property>
  <property name="stepIndex">4</property>
</record>
<record>
  <date>2018-09-21T13:21:08</date>
  <millis>1537510868071</millis>
  <sequence>37</sequence>
  <level>END</level>
  <class>com.kms.katalon.core.logging.KeywordLogger</class>
  <method>endKeyword</method>
  <thread>1</thread>
  <message>End action : Statement - Glb_Dealer_Code = Setup_Dealer_Code</message>
  <nestedLevel>1</nestedLevel>
</record>
<record>
  <date>2018-09-21T13:21:08</date>
  <millis>1537510868071</millis>
  <sequence>38</sequence>
  <level>START</level>
  <class>com.kms.katalon.core.logging.KeywordLogger</class>
  <method>startKeyword</method>
  <thread>1</thread>
  <message>Start action : Statement - Glb_Location_Code = Setup_Location_Code</message>
  <nestedLevel>1</nestedLevel>
  <property name="startLine">24</property>
  <property name="stepIndex">5</property>
</record>
<record>
  <date>2018-09-21T13:21:08</date>
  <millis>1537510868071</millis>
  <sequence>39</sequence>
  <level>END</level>
  <class>com.kms.katalon.core.logging.KeywordLogger</class>
  <method>endKeyword</method>
  <thread>1</thread>
  <message>End action : Statement - Glb_Location_Code = Setup_Location_Code</message>
  <nestedLevel>1</nestedLevel>
</record>
<record>
  <date>2018-09-21T13:21:08</date>
  <millis>1537510868071</millis>
  <sequence>40</sequence>
  <level>START</level>
  <class>com.kms.katalon.core.logging.KeywordLogger</class>
  <method>startKeyword</method>
  <thread>1</thread>
  <message>Start action : Statement - Glb_VIN = Setup_VIN</message>
  <nestedLevel>1</nestedLevel>
  <property name="startLine">25</property>
  <property name="stepIndex">6</property>
</record>
<record>
  <date>2018-09-21T13:21:08</date>
  <millis>1537510868072</millis>
  <sequence>41</sequence>
  <level>END</level>
  <class>com.kms.katalon.core.logging.KeywordLogger</class>
  <method>endKeyword</method>
  <thread>1</thread>
  <message>End action : Statement - Glb_VIN = Setup_VIN</message>
  <nestedLevel>1</nestedLevel>
</record>
<record>
  <date>2018-09-21T13:21:08</date>
  <millis>1537510868072</millis>
  <sequence>42</sequence>
  <level>START</level>
  <class>com.kms.katalon.core.logging.KeywordLogger</class>
  <method>startKeyword</method>
  <thread>1</thread>
  <message>Start action : Statement - Glb_REGNumber = Setup_REGNumber</message>
  <nestedLevel>1</nestedLevel>
  <property name="startLine">26</property>
  <property name="stepIndex">7</property>
</record>
<record>
  <date>2018-09-21T13:21:08</date>
  <millis>1537510868073</millis>
  <sequence>43</sequence>
  <level>END</level>
  <class>com.kms.katalon.core.logging.KeywordLogger</class>
  <method>endKeyword</method>
  <thread>1</thread>
  <message>End action : Statement - Glb_REGNumber = Setup_REGNumber</message>
  <nestedLevel>1</nestedLevel>
</record>
<record>
  <date>2018-09-21T13:21:08</date>
  <millis>1537510868073</millis>
  <sequence>44</sequence>
  <level>START</level>
  <class>com.kms.katalon.core.logging.KeywordLogger</class>
  <method>startKeyword</method>
  <thread>1</thread>
  <message>Start action : Statement - today = new java.util.Date()</message>
  <nestedLevel>1</nestedLevel>
  <property name="startLine">29</property>
  <property name="stepIndex">8</property>
</record>
<record>
  <date>2018-09-21T13:21:08</date>
  <millis>1537510868077</millis>
  <sequence>45</sequence>
  <level>END</level>
  <class>com.kms.katalon.core.logging.KeywordLogger</class>
  <method>endKeyword</method>
  <thread>1</thread>
  <message>End action : Statement - today = new java.util.Date()</message>
  <nestedLevel>1</nestedLevel>
</record>
<record>
  <date>2018-09-21T13:21:08</date>
  <millis>1537510868077</millis>
  <sequence>46</sequence>
  <level>START</level>
  <class>com.kms.katalon.core.logging.KeywordLogger</class>
  <method>startKeyword</method>
  <thread>1</thread>
  <message>Start action : Statement - current = today.format(\&amp;quot;YYYY-MM-dd\&amp;quot;)</message>
  <nestedLevel>1</nestedLevel>
  <property name="startLine">30</property>
  <property name="stepIndex">9</property>
</record>
<record>
  <date>2018-09-21T13:21:08</date>
  <millis>1537510868078</millis>
  <sequence>47</sequence>
  <level>END</level>
  <class>com.kms.katalon.core.logging.KeywordLogger</class>
  <method>endKeyword</method>
  <thread>1</thread>
  <message>End action : Statement - current = today.format(\&amp;quot;YYYY-MM-dd\&amp;quot;)</message>
  <nestedLevel>1</nestedLevel>
</record>
<record>
  <date>2018-09-21T13:21:08</date>
  <millis>1537510868079</millis>
  <sequence>48</sequence>
  <level>START</level>
  <class>com.kms.katalon.core.logging.KeywordLogger</class>
  <method>startKeyword</method>
  <thread>1</thread>
  <message>Start action : Statement - Glb_ServiceDate = current</message>
  <nestedLevel>1</nestedLevel>
  <property name="startLine">31</property>
  <property name="stepIndex">10</property>
</record>
<record>
  <date>2018-09-21T13:21:08</date>
  <millis>1537510868079</millis>
  <sequence>49</sequence>
  <level>END</level>
  <class>com.kms.katalon.core.logging.KeywordLogger</class>
  <method>endKeyword</method>
  <thread>1</thread>
  <message>End action : Statement - Glb_ServiceDate = current</message>
  <nestedLevel>1</nestedLevel>
</record>
<record>
  <date>2018-09-21T13:21:08</date>
  <millis>1537510868079</millis>
  <sequence>50</sequence>
  <level>PASSED</level>
  <class>com.kms.katalon.core.logging.KeywordLogger</class>
  <method>logMessage</method>
  <thread>1</thread>
  <message>Test Cases/TOYOTA/Library_TestCase/Setup_Method_And_Variables</message>
  <nestedLevel>2</nestedLevel>
</record>
<record>
  <date>2018-09-21T13:21:08</date>
  <millis>1537510868079</millis>
  <sequence>51</sequence>
  <level>END</level>
  <class>com.kms.katalon.core.logging.KeywordLogger</class>
  <method>endTest</method>
  <thread>1</thread>
  <message>End Test Case : Test Cases/TOYOTA/Library_TestCase/Setup_Method_And_Variables</message>
  <nestedLevel>1</nestedLevel>
</record>
<record>
  <date>2018-09-21T13:21:08</date>
  <millis>1537510868082</millis>
  <sequence>52</sequence>
  <level>PASSED</level>
  <class>com.kms.katalon.core.logging.KeywordLogger</class>
  <method>logMessage</method>
  <thread>1</thread>
  <message>Call Test Case &amp;apos;Test Cases/TOYOTA/Library_TestCase/Setup_Method_And_Variables&amp;apos; successfully</message>
  <nestedLevel>1</nestedLevel>
</record>
<record>
  <date>2018-09-21T13:21:08</date>
  <millis>1537510868083</millis>
  <sequence>53</sequence>
  <level>END</level>
  <class>com.kms.katalon.core.logging.KeywordLogger</class>
  <method>endKeyword</method>
  <thread>1</thread>
  <message>End action : callTestCase</message>
  <nestedLevel>1</nestedLevel>
</record>
<record>
  <date>2018-09-21T13:21:08</date>
  <millis>1537510868083</millis>
  <sequence>54</sequence>
  <level>START</level>
  <class>com.kms.katalon.core.logging.KeywordLogger</class>
  <method>startKeyword</method>
  <thread>1</thread>
  <message>Start action : callTestCase</message>
  <nestedLevel>1</nestedLevel>
  <property name="startLine">27</property>
  <property name="stepIndex">2</property>
</record>
<record>
  <date>2018-09-21T13:21:08</date>
  <millis>1537510868085</millis>
  <sequence>55</sequence>
  <level>INFO</level>
  <class>com.kms.katalon.core.logging.KeywordLogger</class>
  <method>logMessage</method>
  <thread>1</thread>
  <message>Checking called Test Case</message>
  <nestedLevel>1</nestedLevel>
</record>
<record>
  <date>2018-09-21T13:21:08</date>
  <millis>1537510868085</millis>
  <sequence>56</sequence>
  <level>INFO</level>
  <class>com.kms.katalon.core.logging.KeywordLogger</class>
  <method>logMessage</method>
  <thread>1</thread>
  <message>Starting to call Test Case &amp;apos;Test Cases/TOYOTA/Library_TestCase/Toyota_GetServiceOperation_JSON&amp;apos;</message>
  <nestedLevel>1</nestedLevel>
</record>
<record>
  <date>2018-09-21T13:21:08</date>
  <millis>1537510868138</millis>
  <sequence>57</sequence>
  <level>START</level>
  <class>com.kms.katalon.core.logging.KeywordLogger</class>
  <method>startTest</method>
  <thread>1</thread>
  <message>Start Test Case : Test Cases/TOYOTA/Library_TestCase/Toyota_GetServiceOperation_JSON</message>
  <nestedLevel>2</nestedLevel>
  <property name="name">Test Cases/TOYOTA/Library_TestCase/Toyota_GetServiceOperation_JSON</property>
  <property name="description"></property>
  <property name="id">Test Cases/TOYOTA/Library_TestCase/Toyota_GetServiceOperation_JSON</property>
  <property name="source">C:\\Users\\vinh.le\\git\\TitanAPIKatalon_new\\Test Cases\\TOYOTA\\Library_TestCase\\Toyota_GetServiceOperation_JSON.tc</property>
  <property name="isOptional">false</property>
</record>
<record>
  <date>2018-09-21T13:21:08</date>
  <millis>1537510868142</millis>
  <sequence>58</sequence>
  <level>INFO</level>
  <class>com.kms.katalon.core.logging.KeywordLogger</class>
  <method>logMessage</method>
  <thread>1</thread>
  <message>Evaluating variables for test case</message>
  <nestedLevel>2</nestedLevel>
</record>
<record>
  <date>2018-09-21T13:21:08</date>
  <millis>1537510868142</millis>
  <sequence>59</sequence>
  <level>INFO</level>
  <class>com.kms.katalon.core.logging.KeywordLogger</class>
  <method>logMessage</method>
  <thread>1</thread>
  <message>Variable &amp;apos;Service_Type&amp;apos; is set to OSB_SERVICE_TYPE_LOGBOOK</message>
  <nestedLevel>2</nestedLevel>
</record>
<record>
  <date>2018-09-21T13:21:08</date>
  <millis>1537510868285</millis>
  <sequence>60</sequence>
  <level>START</level>
  <class>com.kms.katalon.core.logging.KeywordLogger</class>
  <method>startKeyword</method>
  <thread>1</thread>
  <message>Start action : Statement - GetServiceOperation = com.kms.katalon.core.testobject.ObjectRepository.findTestObject(Toyota/GetServiceOperations_JSON, [Dealer_Code:internal.GlobalVariable.Glb_Dealer_Code, Location_Code:internal.GlobalVariable.Glb_Location_Code, VIN:internal.GlobalVariable.Glb_VIN, ... ])</message>
  <nestedLevel>1</nestedLevel>
  <property name="startLine">30</property>
  <property name="stepIndex">1</property>
</record>
<record>
  <date>2018-09-21T13:21:08</date>
  <millis>1537510868288</millis>
  <sequence>61</sequence>
  <level>INFO</level>
  <class>com.kms.katalon.core.logging.KeywordLogger</class>
  <method>logMessage</method>
  <thread>1</thread>
  <message>Finding Test Object with id &amp;apos;Object Repository/Toyota/GetServiceOperations_JSON&amp;apos;</message>
  <nestedLevel>2</nestedLevel>
</record>
<record>
  <date>2018-09-21T13:21:08</date>
  <millis>1537510868296</millis>
  <sequence>62</sequence>
  <level>END</level>
  <class>com.kms.katalon.core.logging.KeywordLogger</class>
  <method>endKeyword</method>
  <thread>1</thread>
  <message>End action : Statement - GetServiceOperation = com.kms.katalon.core.testobject.ObjectRepository.findTestObject(Toyota/GetServiceOperations_JSON, [Dealer_Code:internal.GlobalVariable.Glb_Dealer_Code, Location_Code:internal.GlobalVariable.Glb_Location_Code, VIN:internal.GlobalVariable.Glb_VIN, ... ])</message>
  <nestedLevel>1</nestedLevel>
</record>
<record>
  <date>2018-09-21T13:21:08</date>
  <millis>1537510868297</millis>
  <sequence>63</sequence>
  <level>START</level>
  <class>com.kms.katalon.core.logging.KeywordLogger</class>
  <method>startKeyword</method>
  <thread>1</thread>
  <message>Start action : Statement - GetServiceOperation.getHttpHeaderProperties().add(new com.kms.katalon.core.testobject.TestObjectProperty(Authorization, com.kms.katalon.core.testobject.ConditionType.EQUALS, (Basic  + internal.GlobalVariable.Glb_Authorization_Token)))</message>
  <nestedLevel>1</nestedLevel>
  <property name="startLine">33</property>
  <property name="stepIndex">2</property>
</record>
<record>
  <date>2018-09-21T13:21:08</date>
  <millis>1537510868306</millis>
  <sequence>64</sequence>
  <level>END</level>
  <class>com.kms.katalon.core.logging.KeywordLogger</class>
  <method>endKeyword</method>
  <thread>1</thread>
  <message>End action : Statement - GetServiceOperation.getHttpHeaderProperties().add(new com.kms.katalon.core.testobject.TestObjectProperty(Authorization, com.kms.katalon.core.testobject.ConditionType.EQUALS, (Basic  + internal.GlobalVariable.Glb_Authorization_Token)))</message>
  <nestedLevel>1</nestedLevel>
</record>
<record>
  <date>2018-09-21T13:21:08</date>
  <millis>1537510868306</millis>
  <sequence>65</sequence>
  <level>START</level>
  <class>com.kms.katalon.core.logging.KeywordLogger</class>
  <method>startKeyword</method>
  <thread>1</thread>
  <message>Start action : Statement - res_GetServiceOperation = com.kms.katalon.core.webservice.keyword.WSBuiltInKeywords.sendRequest(GetServiceOperation)</message>
  <nestedLevel>1</nestedLevel>
  <property name="startLine">36</property>
  <property name="stepIndex">3</property>
</record>
<record>
  <date>2018-09-21T13:21:08</date>
  <millis>1537510868320</millis>
  <sequence>66</sequence>
  <level>INFO</level>
  <class>com.kms.katalon.core.logging.KeywordLogger</class>
  <method>logMessage</method>
  <thread>1</thread>
  <message>Checking request object</message>
  <nestedLevel>2</nestedLevel>
</record>
